<?xml version="1.0" encoding="UTF-8"?>
<!-- Generated by org.testng.reporters.JUnitReportReporter -->
<testsuite hostname="KanyaKavi" failures="0" tests="1" name="testScript.FirstTest" time="8.882" errors="0" timestamp="2023-02-18T08:48:44 IST" skipped="0">
  <testcase classname="testScript.FirstTest" name="firstTest" time="8.882"/>
  <system-out/>
</testsuite> <!-- testScript.FirstTest -->
