<?xml version="1.0" encoding="UTF-8"?>
<!-- Generated by org.testng.reporters.JUnitReportReporter -->
<testsuite hostname="KanyaKavi" failures="0" tests="1" name="testScript.SecondTest" time="15.400" errors="0" timestamp="2023-02-18T08:46:22 IST" skipped="0">
  <testcase classname="testScript.SecondTest" name="secondTest" time="15.400"/>
  <system-out/>
</testsuite> <!-- testScript.SecondTest -->
