<?xml version="1.0" encoding="UTF-8"?>
<!-- Generated by org.testng.reporters.JUnitReportReporter -->
<testsuite hostname="KanyaKavi" failures="0" tests="1" name="testScript.FourthTest" time="18.211" errors="0" timestamp="2023-02-18T08:39:55 IST" skipped="0">
  <testcase classname="testScript.FourthTest" name="fourthTest" time="18.211"/>
  <system-out/>
</testsuite> <!-- testScript.FourthTest -->
